@dist[3317]: 184
@dist[76]: 184
@dist[2892]: 184
@dist[2510]: 184
@dist[2342]: 184
@dist[2688]: 185
@dist[2808]: 185
@dist[2244]: 185
@dist[2259]: 185
@dist[2241]: 186
@dist[2763]: 186
@dist[2322]: 186
@dist[2511]: 186
@dist[2625]: 186
@dist[2364]: 186
@dist[2995]: 186
@dist[2302]: 186
@dist[3143]: 186
@dist[2405]: 186
@dist[2938]: 187
@dist[2301]: 187
@dist[87]: 187
@dist[89]: 187
@dist[2393]: 187
@dist[2671]: 187
@dist[3209]: 188
@dist[2874]: 188
@dist[2115]: 188
@dist[2314]: 188
@dist[2535]: 188
@dist[2910]: 188
@dist[2489]: 188
@dist[2207]: 188
@dist[2582]: 188
@dist[2888]: 189
@dist[2556]: 189
@dist[2290]: 189
@dist[2943]: 189
@dist[2777]: 189
@dist[3323]: 189
@dist[2505]: 190
@dist[2446]: 190
@dist[2341]: 190
@dist[2812]: 190
@dist[2729]: 190
@dist[2193]: 190
@dist[2164]: 190
@dist[2076]: 190
@dist[-105]: 190
@dist[2262]: 190
@dist[2557]: 190
@dist[2655]: 191
@dist[2962]: 191
@dist[2643]: 191
@dist[2428]: 191
@dist[2278]: 191
@dist[2173]: 191
@dist[2780]: 191
@dist[2550]: 192
@dist[2531]: 192
@dist[2293]: 192
@dist[3188]: 192
@dist[2346]: 192
@dist[2515]: 192
@dist[2296]: 193
@dist[2589]: 193
@dist[2508]: 193
@dist[2977]: 193
@dist[2840]: 193
@dist[2632]: 193
@dist[2392]: 193
@dist[2686]: 194
@dist[2829]: 194
@dist[2800]: 194
@dist[2778]: 194
@dist[2980]: 195
@dist[2248]: 195
@dist[3183]: 195
@dist[2362]: 195
@dist[3083]: 196
@dist[3060]: 196
@dist[2415]: 196
@dist[2084]: 196
@dist[3189]: 196
@dist[2484]: 196
@dist[2457]: 197
@dist[2623]: 197
@dist[2695]: 197
@dist[2538]: 197
@dist[2161]: 197
@dist[2429]: 197
@dist[2473]: 197
@dist[2337]: 197
@dist[2751]: 197
@dist[2462]: 197
@dist[2635]: 198
@dist[2677]: 198
@dist[2139]: 198
@dist[2683]: 198
@dist[2261]: 198
@dist[2375]: 198
@dist[2845]: 198
@dist[2908]: 199
@dist[2520]: 199
@dist[2373]: 199
@dist[2336]: 199
@dist[2517]: 199
@dist[2050]: 199
@dist[-98]: 200
@dist[3120]: 200
@dist[2575]: 200
@dist[2649]: 200
@dist[1933]: 200
@dist[2291]: 200
@dist[2318]: 200
@dist[2219]: 200
@dist[2210]: 200
@dist[2783]: 200
@dist[2526]: 200
@dist[2325]: 200
@dist[2703]: 201
@dist[2426]: 201
@dist[2715]: 201
@dist[2282]: 201
@dist[2654]: 201
@dist[2594]: 201
@dist[2685]: 201
@dist[2546]: 201
@dist[2466]: 201
@dist[2631]: 202
@dist[2396]: 202
@dist[2963]: 202
@dist[2250]: 202
@dist[2377]: 202
@dist[2178]: 202
@dist[2073]: 203
@dist[2374]: 203
@dist[2274]: 203
@dist[2117]: 203
@dist[2190]: 203
@dist[2455]: 203
@dist[2016]: 203
@dist[2483]: 203
@dist[2315]: 203
@dist[2134]: 204
@dist[2285]: 204
@dist[2253]: 204
@dist[2308]: 204
@dist[2059]: 204
@dist[2603]: 204
@dist[1987]: 204
@dist[2806]: 204
@dist[2096]: 204
@dist[2039]: 205
@dist[2047]: 205
@dist[2309]: 206
@dist[2577]: 206
@dist[2275]: 206
@dist[2412]: 207
@dist[2174]: 207
@dist[1973]: 207
@dist[2061]: 208
@dist[2563]: 208
@dist[2246]: 208
@dist[1999]: 208
@dist[2201]: 209
@dist[2497]: 209
@dist[2292]: 209
@dist[2042]: 209
@dist[2674]: 209
@dist[2720]: 209
@dist[-112]: 209
@dist[2869]: 210
@dist[2148]: 210
@dist[2235]: 210
@dist[2131]: 210
@dist[2196]: 211
@dist[2700]: 211
@dist[2147]: 211
@dist[2138]: 211
@dist[2311]: 211
@dist[2286]: 211
@dist[2030]: 211
@dist[2032]: 212
@dist[2434]: 212
@dist[2257]: 212
@dist[2085]: 212
@dist[3003]: 212
@dist[2512]: 212
@dist[2629]: 213
@dist[93]: 213
@dist[2167]: 213
@dist[2583]: 213
@dist[1784]: 214
@dist[2675]: 214
@dist[2268]: 214
@dist[2156]: 215
@dist[2697]: 215
@dist[2420]: 215
@dist[2195]: 216
@dist[2119]: 216
@dist[1893]: 216
@dist[2162]: 216
@dist[2099]: 217
@dist[2486]: 217
@dist[2540]: 217
@dist[2843]: 217
@dist[2170]: 217
@dist[2395]: 218
@dist[2258]: 218
@dist[2298]: 218
@dist[2306]: 218
@dist[2452]: 218
@dist[2760]: 218
@dist[2488]: 219
@dist[2092]: 219
@dist[2074]: 219
@dist[2070]: 219
@dist[2114]: 219
@dist[2323]: 220
@dist[1836]: 220
@dist[2169]: 221
@dist[1996]: 222
@dist[1839]: 222
@dist[2171]: 222
@dist[2091]: 222
@dist[2403]: 222
@dist[2475]: 223
@dist[2025]: 223
@dist[2192]: 223
@dist[2463]: 224
@dist[2152]: 225
@dist[2191]: 225
@dist[2272]: 225
@dist[1859]: 226
@dist[2146]: 226
@dist[1865]: 227
@dist[2580]: 227
@dist[2640]: 228
@dist[1879]: 228
@dist[2198]: 228
@dist[2124]: 228
@dist[2013]: 228
@dist[1982]: 228
@dist[2209]: 228
@dist[2058]: 229
@dist[2090]: 229
@dist[1896]: 229
@dist[74]: 229
@dist[92]: 229
@dist[2095]: 229
@dist[1953]: 229
@dist[1939]: 230
@dist[2194]: 230
@dist[2031]: 230
@dist[1967]: 230
@dist[2024]: 231
@dist[1919]: 231
@dist[2163]: 231
@dist[2065]: 232
@dist[73]: 232
@dist[1986]: 232
@dist[2123]: 232
@dist[1904]: 232
@dist[2218]: 233
@dist[2211]: 233
@dist[2288]: 233
@dist[2537]: 233
@dist[1901]: 233
@dist[1882]: 234
@dist[2048]: 234
@dist[1965]: 234
@dist[1938]: 234
@dist[2112]: 234
@dist[1853]: 234
@dist[1707]: 234
@dist[1329]: 235
@dist[2094]: 235
@dist[1916]: 235
@dist[2175]: 235
@dist[2033]: 236
@dist[1870]: 236
@dist[2283]: 236
@dist[2010]: 237
@dist[1949]: 237
@dist[2008]: 238
@dist[2366]: 238
@dist[2023]: 238
@dist[2102]: 238
@dist[2269]: 238
@dist[2132]: 239
@dist[1790]: 239
@dist[2109]: 239
@dist[2089]: 239
@dist[39]: 239
@dist[1934]: 240
@dist[1970]: 240
@dist[2071]: 240
@dist[2053]: 241
@dist[2017]: 241
@dist[2018]: 242
@dist[56]: 242
@dist[1767]: 242
@dist[1679]: 242
@dist[1659]: 242
@dist[2503]: 242
@dist[2087]: 243
@dist[2129]: 243
@dist[2228]: 243
@dist[1844]: 243
@dist[2006]: 243
@dist[1868]: 243
@dist[2137]: 244
@dist[2237]: 244
@dist[2009]: 244
@dist[1878]: 244
@dist[1975]: 245
@dist[2203]: 245
@dist[61]: 245
@dist[2045]: 245
@dist[1998]: 246
@dist[2106]: 246
@dist[2035]: 246
@dist[2215]: 246
@dist[2126]: 246
@dist[1951]: 247
@dist[2020]: 247
@dist[1724]: 247
@dist[2029]: 248
@dist[1881]: 248
@dist[2197]: 248
@dist[2223]: 248
@dist[1762]: 249
@dist[1815]: 249
@dist[1765]: 250
@dist[1902]: 250
@dist[2049]: 250
@dist[2157]: 251
@dist[1935]: 251
@dist[2003]: 251
@dist[1909]: 251
@dist[1755]: 252
@dist[1747]: 252
@dist[1716]: 252
@dist[1804]: 252
@dist[1787]: 252
@dist[2326]: 252
@dist[2026]: 253
@dist[2075]: 253
@dist[1966]: 253
@dist[44]: 253
@dist[1988]: 253
@dist[1721]: 253
@dist[1684]: 253
@dist[1861]: 254
@dist[1701]: 254
@dist[1799]: 254
@dist[1957]: 254
@dist[1867]: 254
@dist[2260]: 255
@dist[1872]: 256
@dist[1851]: 256
@dist[1969]: 256
@dist[2002]: 257
@dist[1793]: 257
@dist[1802]: 257
@dist[1888]: 258
@dist[2100]: 258
@dist[1874]: 258
@dist[2057]: 258
@dist[1871]: 259
@dist[1584]: 259
@dist[1831]: 259
@dist[1599]: 259
@dist[1544]: 259
@dist[2066]: 260
@dist[2052]: 260
@dist[2078]: 260
@dist[2143]: 261
@dist[1688]: 261
@dist[1918]: 262
@dist[1579]: 262
@dist[2280]: 262
@dist[1766]: 262
@dist[1753]: 262
@dist[1905]: 263
@dist[1750]: 263
@dist[1955]: 264
@dist[1798]: 265
@dist[1845]: 265
@dist[1653]: 265
@dist[1895]: 266
@dist[1923]: 266
@dist[1808]: 266
@dist[1756]: 267
@dist[1856]: 267
@dist[1832]: 267
@dist[1696]: 267
@dist[2037]: 268
@dist[1619]: 268
@dist[1889]: 269
@dist[1943]: 269
@dist[1796]: 269
@dist[1704]: 270
@dist[1654]: 270
@dist[1731]: 270
@dist[1937]: 270
@dist[1713]: 271
@dist[1877]: 272
@dist[1858]: 272
@dist[1917]: 273
@dist[1739]: 274
@dist[1972]: 274
@dist[1593]: 274
@dist[1892]: 274
@dist[1906]: 274
@dist[1837]: 274
@dist[1846]: 274
@dist[1843]: 275
@dist[1931]: 275
@dist[1983]: 275
@dist[1963]: 275
@dist[1685]: 276
@dist[1852]: 276
@dist[1822]: 276
@dist[1745]: 276
@dist[1624]: 276
@dist[1954]: 277
@dist[2034]: 277
@dist[1728]: 277
@dist[1444]: 279
@dist[1849]: 279
@dist[1741]: 280
@dist[1715]: 280
@dist[1779]: 280
@dist[1573]: 280
@dist[1722]: 280
@dist[2000]: 280
@dist[1869]: 281
@dist[1639]: 281
@dist[1752]: 281
@dist[1780]: 282
@dist[-94]: 282
@dist[1690]: 282
@dist[36]: 282
@dist[51]: 282
@dist[1578]: 283
@dist[1925]: 284
@dist[1829]: 284
@dist[2012]: 284
@dist[1880]: 284
@dist[1681]: 284
@dist[1912]: 284
@dist[1775]: 285
@dist[1840]: 285
@dist[1553]: 285
@dist[1820]: 285
@dist[1539]: 285
@dist[1863]: 285
@dist[1776]: 285
@dist[1940]: 286
@dist[1806]: 287
@dist[1598]: 288
@dist[52]: 289
@dist[2063]: 289
@dist[1732]: 289
@dist[1920]: 289
@dist[1730]: 290
@dist[1651]: 290
@dist[1926]: 290
@dist[1711]: 290
@dist[1809]: 290
@dist[1791]: 290
@dist[1734]: 290
@dist[1656]: 291
@dist[1772]: 292
@dist[1811]: 292
@dist[102]: 292
@dist[1702]: 292
@dist[1980]: 292
@dist[1621]: 293
@dist[1678]: 293
@dist[1695]: 294
@dist[1854]: 294
@dist[1911]: 294
@dist[1860]: 294
@dist[1634]: 294
@dist[-87]: 295
@dist[1507]: 296
@dist[1751]: 296
@dist[1631]: 296
@dist[1647]: 296
@dist[1638]: 296
@dist[1800]: 297
@dist[1567]: 297
@dist[1960]: 297
@dist[1835]: 298
@dist[1817]: 298
@dist[1670]: 298
@dist[1729]: 299
@dist[1601]: 300
@dist[1687]: 301
@dist[1504]: 301
@dist[1738]: 301
@dist[1691]: 304
@dist[1541]: 304
@dist[53]: 304
@dist[1646]: 304
@dist[1875]: 304
@dist[1479]: 304
@dist[1581]: 305
@dist[1735]: 306
@dist[1612]: 306
@dist[1613]: 307
@dist[1636]: 307
@dist[1908]: 307
@dist[1604]: 308
@dist[1771]: 309
@dist[1481]: 309
@dist[1812]: 310
@dist[1499]: 310
@dist[1633]: 311
@dist[1467]: 311
@dist[1608]: 312
@dist[1622]: 312
@dist[1652]: 312
@dist[1487]: 313
@dist[1570]: 313
@dist[1484]: 314
@dist[1737]: 314
@dist[1441]: 314
@dist[1399]: 314
@dist[1496]: 315
@dist[1485]: 315
@dist[46]: 316
@dist[1461]: 317
@dist[1757]: 317
@dist[33]: 318
@dist[1900]: 318
@dist[1686]: 318
@dist[1419]: 319
@dist[1692]: 320
@dist[1694]: 320
@dist[1587]: 321
@dist[1628]: 321
@dist[1421]: 322
@dist[38]: 322
@dist[1456]: 322
@dist[1439]: 324
@dist[1635]: 324
@dist[1562]: 324
@dist[1516]: 324
@dist[1674]: 326
@dist[1432]: 326
@dist[1502]: 326
@dist[1703]: 326
@dist[1708]: 327
@dist[1424]: 327
@dist[1669]: 327
@dist[1545]: 328
@dist[1564]: 328
@dist[37]: 328
@dist[1538]: 329
@dist[1626]: 329
@dist[1476]: 330
@dist[1629]: 330
@dist[1542]: 330
@dist[1535]: 331
@dist[1575]: 331
@dist[1530]: 332
@dist[1577]: 333
@dist[1605]: 333
@dist[1404]: 333
@dist[1723]: 334
@dist[1589]: 334
@dist[1510]: 335
@dist[1534]: 336
@dist[1668]: 336
@dist[1384]: 336
@dist[1549]: 337
@dist[1416]: 337
@dist[1574]: 337
@dist[1623]: 337
@dist[1390]: 338
@dist[1554]: 338
@dist[1660]: 338
@dist[1667]: 338
@dist[1720]: 340
@dist[1614]: 342
@dist[1548]: 342
@dist[1459]: 342
@dist[1555]: 342
@dist[1546]: 343
@dist[1697]: 344
@dist[1525]: 344
@dist[1532]: 344
@dist[1572]: 344
@dist[1600]: 344
@dist[1505]: 345
@dist[1316]: 345
@dist[1518]: 345
@dist[1712]: 345
@dist[1370]: 346
@dist[1677]: 346
@dist[1501]: 346
@dist[1438]: 346
@dist[1714]: 346
@dist[1617]: 346
@dist[1453]: 346
@dist[34]: 347
@dist[1594]: 348
@dist[1537]: 348
@dist[1379]: 349
@dist[1511]: 350
@dist[1512]: 350
@dist[1344]: 351
@dist[1591]: 351
@dist[1393]: 352
@dist[1473]: 352
@dist[1490]: 352
@dist[1458]: 353
@dist[1657]: 353
@dist[1551]: 353
@dist[1356]: 354
@dist[1336]: 354
@dist[1381]: 354
@dist[1552]: 354
@dist[1491]: 354
@dist[1364]: 355
@dist[1632]: 355
@dist[1455]: 355
@dist[1472]: 355
@dist[1609]: 355
@dist[1700]: 357
@dist[1454]: 358
@dist[1471]: 358
@dist[1523]: 359
@dist[1405]: 359
@dist[1385]: 360
@dist[100]: 360
@dist[1509]: 360
@dist[1418]: 361
@dist[1241]: 362
@dist[1560]: 363
@dist[1475]: 364
@dist[1586]: 364
@dist[1466]: 366
@dist[1442]: 366
@dist[1256]: 367
@dist[1433]: 367
@dist[1583]: 367
@dist[1494]: 367
@dist[31]: 367
@dist[1637]: 367
@dist[1293]: 368
@dist[104]: 368
@dist[1606]: 368
@dist[1373]: 368
@dist[28]: 369
@dist[1435]: 369
@dist[1514]: 369
@dist[1430]: 371
@dist[1452]: 371
@dist[1330]: 372
@dist[1566]: 372
@dist[1478]: 372
@dist[1281]: 373
@dist[1495]: 373
@dist[1299]: 373
@dist[1389]: 373
@dist[1640]: 374
@dist[1378]: 374
@dist[1322]: 374
@dist[1338]: 375
@dist[1474]: 377
@dist[1391]: 377
@dist[1339]: 378
@dist[1276]: 378
@dist[1307]: 378
@dist[1375]: 379
@dist[1425]: 379
@dist[1415]: 380
@dist[-85]: 380
@dist[1319]: 380
@dist[1446]: 381
@dist[1388]: 382
@dist[1563]: 382
@dist[1247]: 382
@dist[1434]: 383
@dist[1342]: 383
@dist[1423]: 384
@dist[1305]: 384
@dist[1259]: 384
@dist[1489]: 384
@dist[1350]: 384
@dist[1463]: 385
@dist[1351]: 386
@dist[1348]: 387
@dist[1312]: 388
@dist[1302]: 389
@dist[1298]: 390
@dist[1408]: 390
@dist[1603]: 392
@dist[1398]: 393
@dist[1318]: 394
@dist[30]: 394
@dist[1620]: 394
@dist[1358]: 394
@dist[21]: 395
@dist[1417]: 395
@dist[1304]: 395
@dist[1321]: 396
@dist[1193]: 396
@dist[1457]: 396
@dist[1451]: 398
@dist[1580]: 398
@dist[1406]: 398
@dist[1540]: 398
@dist[1273]: 399
@dist[1376]: 399
@dist[1290]: 399
@dist[1497]: 399
@dist[1265]: 399
@dist[1270]: 400
@dist[1331]: 400
@dist[1287]: 400
@dist[1261]: 401
@dist[1426]: 401
@dist[1371]: 402
@dist[1483]: 402
@dist[1361]: 402
@dist[1239]: 403
@dist[1278]: 405
@dist[1353]: 405
@dist[1352]: 406
@dist[1264]: 406
@dist[1345]: 406
@dist[1201]: 407
@dist[1343]: 409
@dist[1272]: 410
@dist[19]: 410
@dist[1308]: 410
@dist[1412]: 410
@dist[1267]: 411
@dist[1428]: 411
@dist[29]: 412
@dist[1460]: 413
@dist[1386]: 414
@dist[1366]: 414
@dist[1242]: 414
@dist[1325]: 415
@dist[1324]: 415
@dist[1420]: 415
@dist[107]: 416
@dist[1253]: 417
@dist[1403]: 417
@dist[1520]: 418
@dist[1369]: 419
@dist[1395]: 420
@dist[1337]: 420
@dist[1355]: 420
@dist[1224]: 421
@dist[1244]: 421
@dist[1181]: 422
@dist[1320]: 424
@dist[1216]: 424
@dist[1372]: 424
@dist[18]: 424
@dist[1334]: 424
@dist[1400]: 425
@dist[1295]: 425
@dist[1275]: 425
@dist[1437]: 426
@dist[1500]: 426
@dist[1198]: 427
@dist[1156]: 428
@dist[1285]: 429
@dist[1202]: 431
@dist[1251]: 431
@dist[1314]: 433
@dist[1258]: 433
@dist[1268]: 434
@dist[1213]: 434
@dist[1288]: 435
@dist[1204]: 436
@dist[1311]: 437
@dist[1199]: 438
@dist[1380]: 438
@dist[1207]: 439
@dist[1230]: 441
@dist[1292]: 441
@dist[1210]: 441
@dist[1184]: 443
@dist[1269]: 443
@dist[1486]: 444
@dist[678]: 444
@dist[1101]: 444
@dist[1153]: 445
@dist[105]: 445
@dist[1211]: 445
@dist[1167]: 446
@dist[1130]: 447
@dist[1309]: 447
@dist[1248]: 447
@dist[1067]: 448
@dist[1170]: 449
@dist[1377]: 450
@dist[1317]: 451
@dist[1019]: 452
@dist[1141]: 452
@dist[1231]: 453
@dist[1360]: 454
@dist[1315]: 454
@dist[1190]: 455
@dist[1326]: 455
@dist[1254]: 455
@dist[1173]: 456
@dist[23]: 456
@dist[1274]: 457
@dist[1291]: 458
@dist[1357]: 459
@dist[1161]: 459
@dist[1238]: 459
@dist[1152]: 459
@dist[1192]: 460
@dist[1033]: 462
@dist[1104]: 463
@dist[1214]: 464
@dist[1]: 464
@dist[1340]: 464
@dist[1306]: 464
@dist[1150]: 464
@dist[1271]: 464
@dist[1164]: 464
@dist[1064]: 465
@dist[1294]: 465
@dist[1176]: 466
@dist[1108]: 468
@dist[1266]: 469
@dist[1121]: 470
@dist[15]: 470
@dist[1010]: 472
@dist[1283]: 474
@dist[14]: 474
@dist[1098]: 475
@dist[108]: 475
@dist[1205]: 475
@dist[1229]: 475
@dist[9]: 476
@dist[1246]: 477
@dist[1047]: 477
@dist[1169]: 478
@dist[1039]: 479
@dist[-83]: 479
@dist[1175]: 479
@dist[1116]: 479
@dist[1158]: 480
@dist[1303]: 480
@dist[8]: 480
@dist[1215]: 481
@dist[1147]: 481
@dist[1243]: 481
@dist[1133]: 482
@dist[1096]: 482
@dist[1138]: 482
@dist[1249]: 483
@dist[1136]: 484
@dist[1277]: 484
@dist[1142]: 484
@dist[1182]: 485
@dist[1174]: 485
@dist[1087]: 487
@dist[1044]: 487
@dist[1225]: 487
@dist[1124]: 488
@dist[1082]: 488
@dist[1030]: 489
@dist[-79]: 489
@dist[-78]: 489
@dist[1122]: 491
@dist[1151]: 491
@dist[1203]: 492
@dist[1197]: 492
@dist[1172]: 493
@dist[1107]: 493
@dist[1071]: 494
@dist[1300]: 494
@dist[919]: 495
@dist[1118]: 495
@dist[1084]: 496
@dist[1081]: 496
@dist[1042]: 497
@dist[1217]: 497
@dist[1189]: 499
@dist[1125]: 499
@dist[1223]: 500
@dist[1195]: 500
@dist[953]: 501
@dist[1073]: 501
@dist[1002]: 501
@dist[1110]: 502
@dist[1188]: 502
@dist[12]: 504
@dist[1206]: 504
@dist[1128]: 504
@dist[1252]: 504
@dist[1280]: 504
@dist[904]: 504
@dist[1055]: 504
@dist[1059]: 505
@dist[1194]: 505
@dist[1102]: 505
@dist[1165]: 506
@dist[1127]: 506
@dist[981]: 506
@dist[1070]: 507
@dist[1061]: 507
@dist[1162]: 508
@dist[1079]: 510
@dist[411]: 510
@dist[1093]: 513
@dist[1016]: 513
@dist[1212]: 514
@dist[1021]: 514
@dist[1209]: 514
@dist[1090]: 515
@dist[1134]: 516
@dist[1056]: 516
@dist[7]: 516
@dist[1041]: 517
@dist[1045]: 518
@dist[1131]: 519
@dist[1171]: 519
@dist[1109]: 519
@dist[20]: 521
@dist[1154]: 521
@dist[1168]: 521
@dist[1018]: 522
@dist[1085]: 522
@dist[1220]: 522
@dist[1004]: 523
@dist[759]: 523
@dist[1146]: 525
@dist[1022]: 525
@dist[1068]: 526
@dist[1129]: 526
@dist[1135]: 526
@dist[1097]: 526
@dist[1180]: 526
@dist[970]: 526
@dist[1051]: 527
@dist[1069]: 529
@dist[1113]: 529
@dist[1114]: 529
@dist[1166]: 529
@dist[1177]: 529
@dist[1240]: 530
@dist[736]: 530
@dist[944]: 530
@dist[1115]: 530
@dist[1007]: 531
@dist[950]: 531
@dist[1035]: 531
@dist[1260]: 531
@dist[111]: 532
@dist[961]: 532
@dist[796]: 532
@dist[999]: 533
@dist[1065]: 536
@dist[799]: 537
@dist[1183]: 537
@dist[876]: 538
@dist[879]: 539
@dist[1157]: 539
@dist[990]: 540
@dist[982]: 540
@dist[959]: 540
@dist[884]: 541
@dist[-80]: 541
@dist[1094]: 541
@dist[1077]: 541
@dist[870]: 541
@dist[1072]: 541
@dist[1112]: 542
@dist[1075]: 542
@dist[1095]: 542
@dist[1038]: 543
@dist[998]: 544
@dist[747]: 544
@dist[1036]: 544
@dist[1086]: 544
@dist[1089]: 544
@dist[1091]: 545
@dist[1001]: 548
@dist[741]: 549
@dist[964]: 549
@dist[1025]: 551
@dist[1028]: 552
@dist[924]: 553
@dist[973]: 554
@dist[910]: 554
@dist[956]: 555
@dist[898]: 555
@dist[1200]: 556
@dist[1106]: 556
@dist[1034]: 557
@dist[724]: 557
@dist[1126]: 557
@dist[707]: 557
@dist[679]: 557
@dist[1078]: 559
@dist[916]: 559
@dist[721]: 560
@dist[113]: 560
@dist[1048]: 560
@dist[798]: 561
@dist[793]: 561
@dist[971]: 562
@dist[787]: 562
@dist[1027]: 563
@dist[830]: 564
@dist[864]: 564
@dist[907]: 564
@dist[782]: 564
@dist[1058]: 566
@dist[844]: 566
@dist[913]: 567
@dist[-7]: 567
@dist[988]: 568
@dist[962]: 568
@dist[841]: 568
@dist[821]: 568
@dist[922]: 568
@dist[781]: 569
@dist[1143]: 569
@dist[947]: 570
@dist[985]: 570
@dist[984]: 570
@dist[699]: 570
@dist[1100]: 571
@dist[933]: 571
@dist[-10]: 571
@dist[978]: 572
@dist[1074]: 572
@dist[1052]: 572
@dist[824]: 574
@dist[861]: 575
@dist[1046]: 575
@dist[1160]: 575
@dist[991]: 575
@dist[1123]: 576
@dist[676]: 576
@dist[1037]: 576
@dist[819]: 576
@dist[-47]: 576
@dist[893]: 577
@dist[927]: 578
@dist[1049]: 578
@dist[853]: 578
@dist[6]: 579
@dist[-44]: 579
@dist[-9]: 580
@dist[744]: 580
@dist[986]: 581
@dist[836]: 582
@dist[810]: 582
@dist[842]: 582
@dist[975]: 582
@dist[1015]: 582
@dist[784]: 582
@dist[739]: 582
@dist[995]: 582
@dist[636]: 582
@dist[1140]: 582
@dist[1163]: 583
@dist[767]: 583
@dist[887]: 584
@dist[958]: 584
@dist[839]: 585
@dist[905]: 585
@dist[952]: 585
@dist[936]: 585
@dist[1029]: 586
@dist[1005]: 586
@dist[1066]: 586
@dist[902]: 586
@dist[858]: 586
@dist[801]: 586
@dist[639]: 587
@dist[972]: 588
@dist[847]: 589
@dist[750]: 591
@dist[889]: 591
@dist[727]: 591
@dist[664]: 591
@dist[1006]: 592
@dist[1026]: 592
@dist[681]: 592
@dist[764]: 593
@dist[867]: 593
@dist[762]: 594
@dist[690]: 594
@dist[965]: 594
@dist[670]: 594
@dist[807]: 595
@dist[-59]: 596
@dist[722]: 596
@dist[745]: 596
@dist[1008]: 596
@dist[901]: 597
@dist[838]: 597
@dist[719]: 597
@dist[701]: 599
@dist[696]: 599
@dist[951]: 600
@dist[730]: 601
@dist[-5]: 601
@dist[1057]: 602
@dist[673]: 602
@dist[-74]: 603
@dist[738]: 604
@dist[934]: 604
@dist[926]: 604
@dist[921]: 604
@dist[704]: 605
@dist[833]: 605
@dist[822]: 606
@dist[-53]: 606
@dist[989]: 607
@dist[827]: 607
@dist[890]: 607
@dist[868]: 607
@dist[-61]: 608
@dist[785]: 609
@dist[1083]: 609
@dist[804]: 609
@dist[1023]: 610
@dist[912]: 610
@dist[849]: 610
@dist[-8]: 611
@dist[3]: 611
@dist[802]: 611
@dist[869]: 611
@dist[790]: 611
@dist[729]: 612
@dist[928]: 612
@dist[848]: 613
@dist[945]: 613
@dist[818]: 613
@dist[929]: 613
@dist[918]: 613
@dist[885]: 613
@dist[994]: 613
@dist[949]: 613
@dist[-13]: 614
@dist[667]: 615
@dist[789]: 616
@dist[693]: 616
@dist[914]: 616
@dist[749]: 616
@dist[684]: 616
@dist[791]: 617
@dist[-77]: 617
@dist[966]: 617
@dist[935]: 618
@dist[698]: 618
@dist[925]: 618
@dist[-41]: 618
@dist[1120]: 619
@dist[775]: 619
@dist[1017]: 620
@dist[708]: 620
@dist[641]: 621
@dist[-70]: 621
@dist[694]: 621
@dist[969]: 621
@dist[873]: 622
@dist[854]: 622
@dist[1040]: 623
@dist[765]: 624
@dist[665]: 624
@dist[831]: 624
@dist[895]: 624
@dist[835]: 625
@dist[955]: 626
@dist[771]: 626
@dist[661]: 627
@dist[892]: 627
@dist[832]: 628
@dist[733]: 628
@dist[-50]: 629
@dist[851]: 629
@dist[875]: 629
@dist[748]: 630
@dist[825]: 630
@dist[852]: 630
@dist[685]: 631
@dist[647]: 631
@dist[659]: 632
@dist[650]: 632
@dist[997]: 632
@dist[644]: 633
@dist[1060]: 634
@dist[742]: 634
@dist[624]: 634
@dist[931]: 634
@dist[957]: 635
@dist[1103]: 635
@dist[809]: 635
@dist[768]: 636
@dist[778]: 636
@dist[1080]: 636
@dist[711]: 637
@dist[805]: 637
@dist[911]: 637
@dist[886]: 637
@dist[757]: 637
@dist[599]: 638
@dist[705]: 638
@dist[662]: 639
@dist[619]: 639
@dist[728]: 639
@dist[891]: 639
@dist[712]: 639
@dist[601]: 640
@dist[691]: 640
@dist[714]: 640
@dist[954]: 641
@dist[709]: 642
@dist[974]: 642
@dist[692]: 642
@dist[-21]: 642
@dist[-11]: 643
@dist[888]: 643
@dist[983]: 643
@dist[943]: 643
@dist[769]: 644
@dist[658]: 645
@dist[689]: 646
@dist[815]: 646
@dist[-15]: 647
@dist[732]: 649
@dist[1020]: 649
@dist[845]: 649
@dist[872]: 650
@dist[829]: 650
@dist[1063]: 650
@dist[725]: 651
@dist[669]: 652
@dist[-52]: 652
@dist[794]: 652
@dist[706]: 654
@dist[688]: 655
@dist[682]: 655
@dist[731]: 656
@dist[906]: 656
@dist[866]: 656
@dist[774]: 657
@dist[633]: 657
@dist[1003]: 657
@dist[645]: 657
@dist[610]: 658
@dist[-39]: 660
@dist[963]: 660
@dist[-42]: 660
@dist[740]: 660
@dist[703]: 661
@dist[812]: 661
@dist[655]: 662
@dist[977]: 663
@dist[755]: 663
@dist[119]: 663
@dist[-68]: 663
@dist[783]: 664
@dist[940]: 664
@dist[808]: 664
@dist[-67]: 665
@dist[-45]: 665
@dist[843]: 667
@dist[672]: 667
@dist[894]: 668
@dist[826]: 668
@dist[668]: 669
@dist[-14]: 669
@dist[-48]: 670
@dist[811]: 671
@dist[-71]: 671
@dist[806]: 671
@dist[-54]: 671
@dist[602]: 672
@dist[561]: 672
@dist[630]: 673
@dist[828]: 673
@dist[777]: 673
@dist[638]: 673
@dist[649]: 674
@dist[616]: 675
@dist[920]: 675
@dist[946]: 676
@dist[118]: 677
@dist[909]: 678
@dist[114]: 679
@dist[584]: 680
@dist[-12]: 683
@dist[627]: 683
@dist[874]: 683
@dist[648]: 684
@dist[937]: 685
@dist[717]: 685
@dist[837]: 687
@dist[840]: 687
@dist[-58]: 688
@dist[-55]: 688
@dist[-69]: 689
@dist[-51]: 689
@dist[604]: 689
@dist[651]: 690
@dist[823]: 691
@dist[559]: 692
@dist[613]: 692
@dist[564]: 693
@dist[800]: 695
@dist[860]: 695
@dist[593]: 696
@dist[579]: 697
@dist[-49]: 697
@dist[607]: 698
@dist[-66]: 699
@dist[677]: 699
@dist[612]: 700
@dist[-65]: 700
@dist[663]: 702
@dist[743]: 702
@dist[897]: 702
@dist[680]: 704
@dist[646]: 704
@dist[657]: 707
@dist[803]: 707
@dist[880]: 707
@dist[-46]: 708
@dist[581]: 709
@dist[960]: 709
@dist[797]: 710
@dist[666]: 711
@dist[632]: 711
@dist[760]: 712
@dist[-38]: 712
@dist[615]: 714
@dist[-36]: 715
@dist[817]: 718
@dist[763]: 718
@dist[628]: 718
@dist[621]: 719
@dist[671]: 720
@dist[654]: 721
@dist[625]: 721
@dist[697]: 721
@dist[737]: 723
@dist[780]: 723
@dist[652]: 727
@dist[541]: 728
@dist[626]: 728
@dist[-24]: 728
@dist[820]: 730
@dist[643]: 730
@dist[857]: 731
@dist[582]: 732
@dist[723]: 735
@dist[598]: 736
@dist[631]: 737
@dist[877]: 738
@dist[550]: 740
@dist[720]: 744
@dist[567]: 745
@dist[923]: 745
@dist[591]: 747
@dist[605]: 748
@dist[596]: 748
@dist[586]: 749
@dist[660]: 751
@dist[587]: 751
@dist[595]: 752
@dist[544]: 752
@dist[504]: 753
@dist[585]: 754
@dist[-27]: 754
@dist[-63]: 755
@dist[634]: 757
@dist[117]: 758
@dist[570]: 758
@dist[553]: 761
@dist[565]: 761
@dist[620]: 762
@dist[606]: 764
@dist[637]: 765
@dist[571]: 766
@dist[574]: 767
@dist[558]: 767
@dist[527]: 767
@dist[594]: 768
@dist[-30]: 769
@dist[592]: 770
@dist[578]: 771
@dist[-25]: 771
@dist[124]: 772
@dist[611]: 772
@dist[-22]: 773
@dist[524]: 776
@dist[608]: 778
@dist[-34]: 778
@dist[617]: 779
@dist[542]: 779
@dist[-26]: 781
@dist[499]: 782
@dist[589]: 783
@dist[568]: 785
@dist[547]: 785
@dist[533]: 788
@dist[521]: 788
@dist[569]: 791
@dist[473]: 792
@dist[538]: 793
@dist[530]: 793
@dist[536]: 793
@dist[501]: 794
@dist[122]: 796
@dist[519]: 797
@dist[-43]: 800
@dist[555]: 801
@dist[461]: 804
@dist[535]: 806
@dist[640]: 811
@dist[562]: 811
@dist[507]: 812
@dist[479]: 815
@dist[481]: 817
@dist[623]: 817
@dist[-29]: 824
@dist[-20]: 826
@dist[566]: 827
@dist[513]: 827
@dist[502]: 828
@dist[577]: 828
@dist[459]: 828
@dist[-32]: 829
@dist[484]: 830
@dist[476]: 832
@dist[549]: 832
@dist[597]: 834
@dist[552]: 834
@dist[464]: 835
@dist[518]: 835
@dist[522]: 835
@dist[545]: 836
@dist[511]: 841
@dist[496]: 842
@dist[470]: 843
@dist[575]: 843
@dist[528]: 844
@dist[583]: 846
@dist[456]: 848
@dist[510]: 852
@dist[525]: 853
@dist[419]: 854
@dist[532]: 855
@dist[462]: 856
@dist[512]: 857
@dist[551]: 857
@dist[133]: 858
@dist[487]: 859
@dist[531]: 859
@dist[482]: 860
@dist[505]: 861
@dist[508]: 866
@dist[427]: 870
@dist[515]: 871
@dist[485]: 871
@dist[413]: 872
@dist[467]: 872
@dist[493]: 873
@dist[491]: 873
@dist[-37]: 874
@dist[458]: 874
@dist[-23]: 874
@dist[557]: 877
@dist[548]: 877
@dist[424]: 877
@dist[517]: 880
@dist[453]: 881
@dist[514]: 884
@dist[416]: 884
@dist[554]: 885
@dist[529]: 888
@dist[478]: 890
@dist[488]: 890
@dist[475]: 892
@dist[399]: 895
@dist[442]: 897
@dist[534]: 898
@dist[472]: 899
@dist[433]: 901
@dist[444]: 901
@dist[120]: 901
@dist[450]: 903
@dist[396]: 903
@dist[381]: 904
@dist[159]: 904
@dist[495]: 908
@dist[402]: 908
@dist[401]: 909
@dist[127]: 910
@dist[421]: 917
@dist[441]: 923
@dist[431]: 926
@dist[546]: 929
@dist[580]: 929
@dist[-40]: 930
@dist[526]: 930
@dist[447]: 930
@dist[523]: 932
@dist[452]: 934
@dist[489]: 934
@dist[430]: 935
@dist[123]: 935
@dist[404]: 937
@dist[407]: 939
@dist[432]: 939
@dist[537]: 941
@dist[503]: 942
@dist[379]: 942
@dist[466]: 943
@dist[418]: 943
@dist[468]: 944
@dist[161]: 945
@dist[471]: 946
@dist[469]: 949
@dist[321]: 952
@dist[126]: 953
@dist[130]: 953
@dist[506]: 955
@dist[540]: 958
@dist[465]: 958
@dist[367]: 962
@dist[128]: 963
@dist[373]: 964
@dist[438]: 964
@dist[486]: 966
@dist[341]: 966
@dist[422]: 968
@dist[410]: 970
@dist[451]: 970
@dist[296]: 974
@dist[429]: 974
@dist[164]: 975
@dist[393]: 977
@dist[353]: 977
@dist[415]: 980
@dist[364]: 981
@dist[483]: 982
@dist[449]: 984
@dist[376]: 987
@dist[454]: 988
@dist[344]: 988
@dist[387]: 991
@dist[455]: 992
@dist[425]: 993
@dist[129]: 994
@dist[324]: 998
@dist[339]: 1000
@dist[384]: 1000
@dist[156]: 1001
@dist[153]: 1001
@dist[520]: 1002
@dist[356]: 1003
@dist[361]: 1005
@dist[141]: 1008
@dist[428]: 1009
@dist[139]: 1013
@dist[443]: 1016
@dist[336]: 1017
@dist[457]: 1018
@dist[406]: 1021
@dist[445]: 1022
@dist[474]: 1023
@dist[131]: 1024
@dist[135]: 1024
@dist[409]: 1024
@dist[162]: 1028
@dist[446]: 1029
@dist[301]: 1031
@dist[378]: 1031
@dist[304]: 1032
@dist[327]: 1032
@dist[370]: 1035
@dist[395]: 1036
@dist[330]: 1036
@dist[290]: 1037
@dist[426]: 1037
@dist[388]: 1037
@dist[434]: 1039
@dist[392]: 1041
@dist[310]: 1041
@dist[279]: 1042
@dist[382]: 1042
@dist[350]: 1042
@dist[414]: 1046
@dist[408]: 1047
@dist[167]: 1049
@dist[138]: 1051
@dist[287]: 1052
@dist[391]: 1053
@dist[318]: 1055
@dist[134]: 1056
@dist[244]: 1057
@dist[224]: 1057
@dist[342]: 1060
@dist[142]: 1061
@dist[423]: 1062
@dist[440]: 1063
@dist[256]: 1064
@dist[276]: 1064
@dist[293]: 1065
@dist[374]: 1066
@dist[403]: 1066
@dist[144]: 1067
@dist[477]: 1068
@dist[259]: 1069
@dist[338]: 1070
@dist[284]: 1072
@dist[437]: 1072
@dist[319]: 1074
@dist[358]: 1074
@dist[267]: 1075
@dist[394]: 1076
@dist[150]: 1076
@dist[405]: 1078
@dist[299]: 1079
@dist[347]: 1079
@dist[281]: 1080
@dist[173]: 1082
@dist[389]: 1083
@dist[152]: 1083
@dist[247]: 1084
@dist[385]: 1085
@dist[333]: 1087
@dist[227]: 1089
@dist[239]: 1090
@dist[184]: 1092
@dist[233]: 1093
@dist[372]: 1094
@dist[307]: 1098
@dist[241]: 1098
@dist[298]: 1098
@dist[313]: 1098
@dist[282]: 1098
@dist[377]: 1098
@dist[179]: 1099
@dist[371]: 1099
@dist[302]: 1100
@dist[147]: 1100
@dist[165]: 1101
@dist[480]: 1102
@dist[219]: 1102
@dist[397]: 1103
@dist[196]: 1103
@dist[328]: 1105
@dist[312]: 1107
@dist[199]: 1108
@dist[190]: 1109
@dist[368]: 1110
@dist[221]: 1110
@dist[236]: 1111
@dist[172]: 1112
@dist[264]: 1114
@dist[351]: 1114
@dist[375]: 1114
@dist[170]: 1115
@dist[261]: 1117
@dist[216]: 1119
@dist[181]: 1121
@dist[270]: 1122
@dist[366]: 1125
@dist[326]: 1126
@dist[295]: 1127
@dist[345]: 1130
@dist[168]: 1131
@dist[201]: 1131
@dist[420]: 1134
@dist[157]: 1134
@dist[155]: 1135
@dist[325]: 1135
@dist[355]: 1135
@dist[348]: 1136
@dist[315]: 1136
@dist[346]: 1136
@dist[250]: 1138
@dist[262]: 1139
@dist[460]: 1139
@dist[311]: 1139
@dist[335]: 1142
@dist[178]: 1144
@dist[207]: 1144
@dist[369]: 1145
@dist[213]: 1146
@dist[187]: 1147
@dist[175]: 1147
@dist[329]: 1150
@dist[193]: 1152
@dist[148]: 1152
@dist[174]: 1155
@dist[273]: 1156
@dist[285]: 1159
@dist[317]: 1160
@dist[145]: 1160
@dist[278]: 1160
@dist[242]: 1161
@dist[202]: 1161
@dist[228]: 1161
@dist[291]: 1163
@dist[169]: 1164
@dist[171]: 1166
@dist[354]: 1167
@dist[154]: 1168
@dist[352]: 1168
@dist[204]: 1170
@dist[218]: 1170
@dist[151]: 1173
@dist[222]: 1173
@dist[332]: 1179
@dist[309]: 1180
@dist[383]: 1181
@dist[166]: 1181
@dist[238]: 1181
@dist[249]: 1184
@dist[286]: 1185
@dist[268]: 1185
@dist[331]: 1186
@dist[400]: 1187
@dist[357]: 1188
@dist[306]: 1192
@dist[314]: 1193
@dist[288]: 1193
@dist[380]: 1194
@dist[265]: 1195
@dist[275]: 1195
@dist[266]: 1198
@dist[305]: 1201
@dist[137]: 1201
@dist[210]: 1203
@dist[323]: 1204
@dist[269]: 1204
@dist[334]: 1205
@dist[258]: 1205
@dist[182]: 1211
@dist[229]: 1212
@dist[188]: 1213
@dist[308]: 1214
@dist[185]: 1218
@dist[234]: 1219
@dist[143]: 1220
@dist[255]: 1221
@dist[149]: 1222
@dist[363]: 1223
@dist[303]: 1224
@dist[253]: 1224
@dist[343]: 1226
@dist[146]: 1231
@dist[160]: 1244
@dist[289]: 1248
@dist[360]: 1249
@dist[231]: 1251
@dist[211]: 1252
@dist[274]: 1252
@dist[208]: 1253
@dist[189]: 1259
@dist[183]: 1260
@dist[297]: 1260
@dist[245]: 1263
@dist[251]: 1264
@dist[340]: 1265
@dist[248]: 1268
@dist[292]: 1269
@dist[271]: 1270
@dist[209]: 1275
@dist[215]: 1276
@dist[320]: 1277
@dist[186]: 1280
@dist[195]: 1284
@dist[205]: 1285
@dist[246]: 1286
@dist[226]: 1286
@dist[191]: 1289
@dist[277]: 1295
@dist[206]: 1296
@dist[254]: 1306
@dist[223]: 1307
@dist[214]: 1312
@dist[177]: 1315
@dist[294]: 1315
@dist[194]: 1317
@dist[140]: 1319
@dist[237]: 1319
@dist[300]: 1320
@dist[252]: 1325
@dist[212]: 1332
@dist[180]: 1353
@dist[260]: 1369
@dist[243]: 1372
@dist[197]: 1383
@dist[257]: 1386
@dist[263]: 1389
@dist[220]: 1407
@dist[217]: 1409
@dist[240]: 1417
@dist[280]: 1418
@dist[203]: 1472
@dist[200]: 1544
@end_nsec: 795246157151284
@st: 1
@st_nsec: 795246228434146
(base) n869p538@emerald:zswap_overhead$ ^Cdo bpftrace -e ' kprobe:__frontswap_load {@st=1; @st_nsec=nsecs;} kretprobe:__frontswap_load { if (@st==1){@end_nsec=nsecs; @dist[@end_nsec-@st_nsec]++;} @st=0;} '

(base) n869p538@emerald:zswap_overhead$ touch scripts/swap_overhead.bt
(base) n869p538@emerald:zswap_overhead$ realpath scripts/swap_overhead.bt
/home/n869p538/spr-accel-profiling/cpu_decomp_perf/zswap_overhead/scripts/swap_overhead.bt
(base) n869p538@emerald:zswap_overhead$ ls
README.md  scripts  trace.log
(base) n869p538@emerald:zswap_overhead$ realpath trace.log
/home/n869p538/spr-accel-profiling/cpu_decomp_perf/zswap_overhead/trace.log
(base) n869p538@emerald:zswap_overhead$ head -n 100 trace.log > trace.log.1
(base) n869p538@emerald:zswap_overhead$ realpath trace.log.1
/home/n869p538/spr-accel-profiling/cpu_decomp_perf/zswap_overhead/trace.log.1
(base) n869p538@emerald:zswap_overhead$ sudo bpftrace -e 'kprobe:__frontswap_load {@[kstack]=count(); } ' -o trace.log
^C

(base) n869p538@emerald:zswap_overhead$ sudo bpftrace -e scripts/
create_cgroup.sh       invoke_zswap.sh        print_cgroup_stats.sh  setup.sh               swap_overhead.bt
(base) n869p538@emerald:zswap_overhead$ sudo bpftrace -e scripts/swap_overhead.bt
stdin:1:1-25: ERROR: syntax error, unexpected end of file, expecting end predicate
scripts/swap_overhead.bt
~~~~~~~~~~~~~~~~~~~~~~~~
(base) n869p538@emerald:zswap_overhead$ sudo bpftrace -f scripts/swap_overhead.bt
ERROR: Invalid output format "scripts/swap_overhead.bt"
Valid formats: 'text', 'json'
(base) n869p538@emerald:zswap_overhead$ man bpftrace
(base) n869p538@emerald:zswap_overhead$ sudo bpftrace scripts/swap_overhead.bt
scripts/swap_overhead.bt:6:25-25: ERROR: Unrecognized probe type:
kprobe:__frontswap_load,

scripts/swap_overhead.bt:10-12: ERROR: Unrecognized probe type: asm_exc_page_fault
(base) n869p538@emerald:zswap_overhead$ sudo bpftrace scripts/swap_overhead.bt
scripts/swap_overhead.bt:6:25-25: ERROR: Unrecognized probe type:
kprobe:__frontswap_load,

(base) n869p538@emerald:zswap_overhead$ sudo bpftrace scripts/swap_overhead.bt
scripts/swap_overhead.bt:10-12: WARNING: asm_exc_page_fault is not traceable (either non-existing, inlined, or marked as "notrace"); attaching to it will likely fail
Attaching 4 probes...
ERROR: Could not resolve symbol: /proc/self/exe:BEGIN_trigger
(base) n869p538@emerald:zswap_overhead$ touch source_debug_apt.sh
(base) n869p538@emerald:zswap_overhead$ realpath source_debug_apt.sh
/home/n869p538/spr-accel-profiling/cpu_decomp_perf/zswap_overhead/source_debug_apt.sh
(base) n869p538@emerald:zswap_overhead$ source source_debug_apt.sh
deb http://ddebs.ubuntu.com jammy main restricted universe multiverse
deb http://ddebs.ubuntu.com jammy-updates main restricted universe multiverse
deb http://ddebs.ubuntu.com jammy-proposed main restricted universe multiverse
(base) n869p538@emerald:zswap_overhead$ sudo apt install ubuntu-dbgsym-keyring
Reading package lists... Done
Building dependency tree... Done
Reading state information... Done
The following NEW packages will be installed:
  ubuntu-dbgsym-keyring
0 upgraded, 1 newly installed, 0 to remove and 64 not upgraded.
Need to get 6,876 B of archives.
After this operation, 23.6 kB of additional disk space will be used.
Get:1 http://us.archive.ubuntu.com/ubuntu jammy/main amd64 ubuntu-dbgsym-keyring all 2021.03.26 [6,876 B]
Fetched 6,876 B in 0s (43.8 kB/s)
Selecting previously unselected package ubuntu-dbgsym-keyring.
(Reading database ... 407165 files and directories currently installed.)
Preparing to unpack .../ubuntu-dbgsym-keyring_2021.03.26_all.deb ...
Unpacking ubuntu-dbgsym-keyring (2021.03.26) ...
Setting up ubuntu-dbgsym-keyring (2021.03.26) ...
Scanning processes...
Scanning candidates...
Scanning processor microcode...
Scanning linux images...

Running kernel seems to be up-to-date.

The processor microcode seems to be up-to-date.

Restarting services...
Service restarts being deferred:
 systemctl restart NetworkManager.service
 /etc/needrestart/restart.d/dbus.service
 systemctl restart getty@tty1.service
 systemctl restart getty@tty2.service
 systemctl restart lightdm.service
 systemctl restart networkd-dispatcher.service
 systemctl restart systemd-logind.service
 systemctl restart unattended-upgrades.service
 systemctl restart user@100534413.service
 systemctl restart user@100561653.service
 systemctl restart user@100612284.service
 systemctl restart user@100653146.service
 systemctl restart user@100656016.service
 systemctl restart user@127.service
 systemctl restart wpa_supplicant.service

No containers need to be restarted.

No user sessions are running outdated binaries.

No VM guests are running outdated hypervisor (qemu) binaries on this host.
(base) n869p538@emerald:zswap_overhead$ ^Cdo apt install ubuntu-dbgsym-keyring
(base) n869p538@emerald:zswap_overhead$ sudo apt-key adv --keyserver keyserver.ubuntu.com --recv-keys F2EDC64DC5AEE1F6B9C621F0C8CAB6595FDFF622
Warning: apt-key is deprecated. Manage keyring files in trusted.gpg.d instead (see apt-key(8)).
Executing: /tmp/apt-key-gpghome.6ml2rBLHVG/gpg.1.sh --keyserver keyserver.ubuntu.com --recv-keys F2EDC64DC5AEE1F6B9C621F0C8CAB6595FDFF622
gpg: key C8CAB6595FDFF622: "Ubuntu Debug Symbol Archive Automatic Signing Key (2016) <ubuntu-archive@lists.ubuntu.com>" 2 new signatures
gpg: Total number processed: 1
gpg:         new signatures: 2
(base) n869p538@emerald:zswap_overhead$ sudo apt-get update
Hit:1 http://us.archive.ubuntu.com/ubuntu jammy InRelease
Hit:2 https://download.docker.com/linux/ubuntu jammy InRelease
Get:3 http://us.archive.ubuntu.com/ubuntu jammy-updates InRelease [119 kB]
Hit:4 http://packages.microsoft.com/repos/code stable InRelease
Hit:5 https://dl.google.com/linux/chrome/deb stable InRelease
Hit:6 http://us.archive.ubuntu.com/ubuntu jammy-backports InRelease
Get:7 http://ddebs.ubuntu.com jammy InRelease [41.3 kB]
Get:8 http://us.archive.ubuntu.com/ubuntu jammy-security InRelease [110 kB]
Get:9 http://ddebs.ubuntu.com jammy-updates InRelease [41.3 kB]
Get:10 http://ddebs.ubuntu.com jammy-proposed InRelease [41.4 kB]
Get:11 https://ppa.launchpadcontent.net/deadsnakes/ppa/ubuntu jammy InRelease [18.1 kB]
Hit:12 https://ppa.launchpadcontent.net/mozillateam/ppa/ubuntu jammy InRelease
Get:13 http://us.archive.ubuntu.com/ubuntu jammy-updates/main amd64 Packages [1,244 kB]
Hit:14 https://apt.repos.intel.com/oneapi all InRelease
Hit:15 http://apt.puppet.com jammy InRelease
Get:16 http://ddebs.ubuntu.com jammy/main amd64 Packages [558 kB]
Get:17 http://ddebs.ubuntu.com jammy/universe amd64 Packages [4,944 kB]
Get:18 https://ppa.launchpadcontent.net/deadsnakes/ppa/ubuntu jammy/main amd64 Packages [24.1 kB]
Get:19 http://ddebs.ubuntu.com jammy/multiverse amd64 Packages [83.5 kB]
Get:20 http://ddebs.ubuntu.com jammy-updates/main amd64 Packages [309 kB]
Get:21 http://ddebs.ubuntu.com jammy-updates/restricted amd64 Packages [668 B]
Get:22 http://ddebs.ubuntu.com jammy-updates/universe amd64 Packages [216 kB]
Get:23 http://ddebs.ubuntu.com jammy-updates/multiverse amd64 Packages [704 B]
Get:24 http://ddebs.ubuntu.com jammy-proposed/main amd64 Packages [37.1 kB]
Get:25 http://ddebs.ubuntu.com jammy-proposed/universe amd64 Packages [16.6 kB]
Fetched 7,806 kB in 3s (2,975 kB/s)
Reading package lists... Done
(base) n869p538@emerald:zswap_overhead$ sudo apt install bpf
bpfcc-introspection         bpfcc-lua                   bpfcc-tools                 bpfmon-dbgsym               bpftrace-dbgsym
bpfcc-introspection-dbgsym  bpfcc-lua-dbgsym            bpfmon                      bpftrace
(base) n869p538@emerald:zswap_overhead$ sudo apt install bpf
bpfcc-introspection         bpfcc-lua                   bpfcc-tools                 bpfmon-dbgsym               bpftrace-dbgsym
bpfcc-introspection-dbgsym  bpfcc-lua-dbgsym            bpfmon                      bpftrace
(base) n869p538@emerald:zswap_overhead$ sudo apt install bpftrace-dbgsym
Reading package lists... Done
Building dependency tree... Done
Reading state information... Done
The following NEW packages will be installed:
  bpftrace-dbgsym
0 upgraded, 1 newly installed, 0 to remove and 64 not upgraded.
Need to get 14.6 MB of archives.
After this operation, 15.4 MB of additional disk space will be used.
Get:1 http://ddebs.ubuntu.com jammy/universe amd64 bpftrace-dbgsym amd64 0.14.0-1 [14.6 MB]
Fetched 14.6 MB in 1s (24.3 MB/s)
Selecting previously unselected package bpftrace-dbgsym.
(Reading database ... 407171 files and directories currently installed.)
Preparing to unpack .../bpftrace-dbgsym_0.14.0-1_amd64.ddeb ...
Unpacking bpftrace-dbgsym (0.14.0-1) ...
Setting up bpftrace-dbgsym (0.14.0-1) ...
Scanning processes...
Scanning candidates...
Scanning processor microcode...
Scanning linux images...

Running kernel seems to be up-to-date.

The processor microcode seems to be up-to-date.

Restarting services...
Service restarts being deferred:
 systemctl restart NetworkManager.service
 /etc/needrestart/restart.d/dbus.service
 systemctl restart getty@tty1.service
 systemctl restart getty@tty2.service
 systemctl restart lightdm.service
 systemctl restart networkd-dispatcher.service
 systemctl restart systemd-logind.service
 systemctl restart unattended-upgrades.service
 systemctl restart user@100534413.service
 systemctl restart user@100561653.service
 systemctl restart user@100612284.service
 systemctl restart user@100653146.service
 systemctl restart user@100656016.service
 systemctl restart user@127.service
 systemctl restart wpa_supplicant.service

No containers need to be restarted.

No user sessions are running outdated binaries.

No VM guests are running outdated hypervisor (qemu) binaries on this host.
(base) n869p538@emerald:zswap_overhead$ mkdir issues
(base) n869p538@emerald:zswap_overhead$
